gRIRMS40/build/outputs/logs/manifest-merger-debug-report.txt
-- Merging decision tree log ---
manifest
ADDED from src\main\AndroidManifest.xml:2:1-1133:12
	package
		ADDED from src\main\AndroidManifest.xml:3:5-31
		INJECTED from src\main\AndroidManifest.xml
		INJECTED from src\main\AndroidManifest.xml
	android:versionName
		INJECTED from src\main\AndroidManifest.xml
		INJECTED from src\main\AndroidManifest.xml
	xmlns:android
		ADDED from src\main\AndroidManifest.xml:2:11-69
	android:versionCode
		INJECTED from src\main\AndroidManifest.xml
		INJECTED from src\main\AndroidManifest.xml
permission#com.yunhu.yhshxc.permission.JPUSH_MESSAGE
ADDED from src\main\AndroidManifest.xml:5:5-7:47
	android:protectionLevel
		ADDED from src\main\AndroidManifest.xml:7:9-44
	android:name
		ADDED from src\main\AndroidManifest.xml:6:9-65
uses-permission#android.permission.NFC
ADDED from src\main\AndroidManifest.xml:9:5-62
	android:name
		ADDED from src\main\AndroidManifest.xml:9:22-59
uses-permission#com.gcg.grirms.permission.JPUSH_MESSAGE
ADDED from src\main\AndroidManifest.xml:11:5-79
	android:name
		ADDED from src\main\AndroidManifest.xml:11:22-76
uses-permission#android.permission.RECEIVE_USER_PRESENT
ADDED from src\main\AndroidManifest.xml:12:5-79
	android:name
		ADDED from src\main\AndroidManifest.xml:12:22-76
uses-permission#android.permission.READ_EXTERNAL_STORAGE
ADDED from src\main\AndroidManifest.xml:13:5-80
	android:name
		ADDED from src\main\AndroidManifest.xml:13:22-77
uses-permission#android.permission.SYSTEM_ALERT_WINDOW
ADDED from src\main\AndroidManifest.xml:14:5-78
	android:name
		ADDED from src\main\AndroidManifest.xml:14:22-75
uses-permission#android.permission.READ_OWNER_DATA
ADDED from src\main\AndroidManifest.xml:17:5-74
	android:name
		ADDED from src\main\AndroidManifest.xml:17:22-71
uses-permission#android.permission.RAISED_THREAD_PRIORITY
ADDED from src\main\AndroidManifest.xml:19:5-81
	android:name
		ADDED from src\main\AndroidManifest.xml:19:22-78
uses-permission#android.permission.BAIDU_LOCATION_SERVICE
ADDED from src\main\AndroidManifest.xml:20:5-81
	android:name
		ADDED from src\main\AndroidManifest.xml:20:22-78
uses-permission#android.permission.ACCESS_COARSE_LOCATION
ADDED from src\main\AndroidManifest.xml:21:5-81
	android:name
		ADDED from src\main\AndroidManifest.xml:21:22-78
uses-permission#android.permission.ACCESS_FINE_LOCATION
ADDED from src\main\AndroidManifest.xml:22:5-79
	android:name
		ADDED from src\main\AndroidManifest.xml:22:22-76
uses-permission#android.permission.MOUNT_UNMOUNT_FILESYSTEMS
ADDED from src\main\AndroidManifest.xml:23:5-84
	android:name
		ADDED from src\main\AndroidManifest.xml:23:22-81
uses-permission#android.permission.ACCESS_NETWORK_STATE
ADDED from src\main\AndroidManifest.xml:24:5-79
	android:name
		ADDED from src\main\AndroidManifest.xml:24:22-76
uses-permission#android.permission.READ_PHONE_STATE
ADDED from src\main\AndroidManifest.xml:25:5-75
	android:name
		ADDED from src\main\AndroidManifest.xml:25:22-72
uses-permission#android.permission.INTERNET
ADDED from src\main\AndroidManifest.xml:26:5-67
	android:name
		ADDED from src\main\AndroidManifest.xml:26:22-64
uses-permission#android.permission.ACCESS_WIFI_STATE
ADDED from src\main\AndroidManifest.xml:27:5-76
	android:name
		ADDED from src\main\AndroidManifest.xml:27:22-73
uses-permission#android.permission.CHANGE_WIFI_STATE
ADDED from src\main\AndroidManifest.xml:28:5-76
	android:name
		ADDED from src\main\AndroidManifest.xml:28:22-73
uses-permission#android.permission.WAKE_LOCK
ADDED from src\main\AndroidManifest.xml:29:5-68
	android:name
		ADDED from src\main\AndroidManifest.xml:29:22-65
uses-permission#android.permission.WRITE_EXTERNAL_STORAGE
ADDED from src\main\AndroidManifest.xml:30:5-81
	android:name
		ADDED from src\main\AndroidManifest.xml:30:22-78
uses-permission#android.permission.READ_LOGS
ADDED from src\main\AndroidManifest.xml:31:5-68
	android:name
		ADDED from src\main\AndroidManifest.xml:31:22-65
uses-permission#android.permission.ACCESS_COARSE_UPDATES
ADDED from src\main\AndroidManifest.xml:32:5-80
	android:name
		ADDED from src\main\AndroidManifest.xml:32:22-77
uses-permission#android.permission.PERSISTENT_ACTIVITY
ADDED from src\main\AndroidManifest.xml:33:5-78
	android:name
		ADDED from src\main\AndroidManifest.xml:33:22-75
uses-permission#android.permission.ACCESS_LOCATION_EXTRA_COMMANDS
ADDED from src\main\AndroidManifest.xml:34:5-89
	android:name
		ADDED from src\main\AndroidManifest.xml:34:22-86
uses-permission#android.permission.ACCESS_LOCATTON_MOCK_LOCATION
ADDED from src\main\AndroidManifest.xml:35:5-88
	android:name
		ADDED from src\main\AndroidManifest.xml:35:22-85
uses-permission#android.permission.RESTART_PACKAGES
ADDED from src\main\AndroidManifest.xml:36:5-75
	android:name
		ADDED from src\main\AndroidManifest.xml:36:22-72
uses-permission#android.permission.CHANGE_NETWORK_STATE
ADDED from src\main\AndroidManifest.xml:37:5-79
	android:name
		ADDED from src\main\AndroidManifest.xml:37:22-76
uses-permission#android.permission.VIBRATE
ADDED from src\main\AndroidManifest.xml:38:5-66
	android:name
		ADDED from src\main\AndroidManifest.xml:38:22-63
uses-permission#android.permission.READ_CONTACTS
ADDED from src\main\AndroidManifest.xml:39:5-72
	android:name
		ADDED from src\main\AndroidManifest.xml:39:22-69
uses-permission#com.android.launcher.permission.INSTALL_SHORTCUT
ADDED from src\main\AndroidManifest.xml:40:5-88
	android:name
		ADDED from src\main\AndroidManifest.xml:40:22-85
uses-permission#android.permission.WRITE_CONTACTS
ADDED from src\main\AndroidManifest.xml:41:5-73
	android:name
		ADDED from src\main\AndroidManifest.xml:41:22-70
uses-permission#android.permission.CAMERA
ADDED from src\main\AndroidManifest.xml:42:5-65
	android:name
		ADDED from src\main\AndroidManifest.xml:42:22-62
uses-permission#android.permission.BLUETOOTH
ADDED from src\main\AndroidManifest.xml:43:5-68
	android:name
		ADDED from src\main\AndroidManifest.xml:43:22-65
uses-permission#android.permission.BLUETOOTH_ADMIN
ADDED from src\main\AndroidManifest.xml:44:5-74
	android:name
		ADDED from src\main\AndroidManifest.xml:44:22-71
uses-permission#android.permission.GET_TASKS
ADDED from src\main\AndroidManifest.xml:45:5-68
	android:name
		ADDED from src\main\AndroidManifest.xml:45:22-65
uses-permission#android.permission.WRITE_SETTINGS
ADDED from src\main\AndroidManifest.xml:46:5-73
	android:name
		ADDED from src\main\AndroidManifest.xml:46:22-70
uses-permission#android.permission.CHANGE_CONFIGURATION
ADDED from src\main\AndroidManifest.xml:47:5-79
	android:name
		ADDED from src\main\AndroidManifest.xml:47:22-76
uses-permission#android.permission.BROADCAST_STICKY
ADDED from src\main\AndroidManifest.xml:48:5-75
	android:name
		ADDED from src\main\AndroidManifest.xml:48:22-72
uses-feature#android.hardware.camera
ADDED from src\main\AndroidManifest.xml:50:5-60
	android:name
		ADDED from src\main\AndroidManifest.xml:50:19-57
uses-feature#android.hardware.camera.autofocus
ADDED from src\main\AndroidManifest.xml:51:5-70
	android:name
		ADDED from src\main\AndroidManifest.xml:51:19-67
uses-feature#android.hardware.wifi
ADDED from src\main\AndroidManifest.xml:52:5-58
	android:name
		ADDED from src\main\AndroidManifest.xml:52:19-55
uses-permission#android.permission.FLASHLIGHT
ADDED from src\main\AndroidManifest.xml:54:5-69
	android:name
		ADDED from src\main\AndroidManifest.xml:54:22-66
uses-permission#android.webkit.permission.PLUGIN
ADDED from src\main\AndroidManifest.xml:55:5-72
	android:name
		ADDED from src\main\AndroidManifest.xml:55:22-69
uses-permission#android.permission.CALL_PHONE
ADDED from src\main\AndroidManifest.xml:56:5-69
	android:name
		ADDED from src\main\AndroidManifest.xml:56:22-66
uses-permission#android.permission.RECORD_AUDIO
ADDED from src\main\AndroidManifest.xml:57:5-71
	android:name
		ADDED from src\main\AndroidManifest.xml:57:22-68
uses-permission#android.permission.RECEIVE_BOOT_COMPLETED
ADDED from src\main\AndroidManifest.xml:58:5-81
	android:name
		ADDED from src\main\AndroidManifest.xml:58:22-78
uses-permission#android.permission.SEND_SMS
ADDED from src\main\AndroidManifest.xml:59:5-67
	android:name
		ADDED from src\main\AndroidManifest.xml:59:22-64
supports-screens
ADDED from src\main\AndroidManifest.xml:65:5-70:39
	android:largeScreens
		ADDED from src\main\AndroidManifest.xml:67:9-36
	android:smallScreens
		ADDED from src\main\AndroidManifest.xml:70:9-36
	android:normalScreens
		ADDED from src\main\AndroidManifest.xml:68:9-37
	android:resizeable
		ADDED from src\main\AndroidManifest.xml:69:9-34
	android:anyDensity
		ADDED from src\main\AndroidManifest.xml:66:9-34
application
ADDED from src\main\AndroidManifest.xml:73:5-1131:19
MERGED from [com.android.support:design:26.0.0-alpha1] AndroidManifest.xml:29:5-20
MERGED from [com.android.support:appcompat-v7:26.0.0-alpha1] AndroidManifest.xml:29:5-20
MERGED from [com.android.support:animated-vector-drawable:26.0.0-alpha1] AndroidManifest.xml:26:5-20
MERGED from [com.android.support:support-vector-drawable:26.0.0-alpha1] AndroidManifest.xml:26:5-20
MERGED from [com.android.support:transition:26.0.0-alpha1] AndroidManifest.xml:26:5-20
MERGED from [com.android.support:support-v4:26.0.0-alpha1] AndroidManifest.xml:29:5-20
MERGED from [com.android.support:support-media-compat:26.0.0-alpha1] AndroidManifest.xml:29:5-20
MERGED from [com.android.support:support-fragment:26.0.0-alpha1] AndroidManifest.xml:29:5-20
MERGED from [com.android.support:support-core-ui:26.0.0-alpha1] AndroidManifest.xml:29:5-20
MERGED from [com.android.support:support-core-utils:26.0.0-alpha1] AndroidManifest.xml:29:5-20
MERGED from [com.android.support:cardview-v7:26.0.0-alpha1] AndroidManifest.xml:26:5-20
MERGED from [com.android.support:support-compat:26.0.0-alpha1] AndroidManifest.xml:29:5-20
MERGED from [com.github.d-max:spots-dialog:0.7] AndroidManifest.xml:12:5-20
	android:screenOrientation
		ADDED from src\main\AndroidManifest.xml:78:9-45
	android:label
		ADDED from src\main\AndroidManifest.xml:77:9-47
	android:allowBackup
		ADDED from src\main\AndroidManifest.xml:75:9-35
	android:icon
		ADDED from src\main\AndroidManifest.xml:76:9-43
	android:theme
		ADDED from src\main\AndroidManifest.xml:79:9-56
	android:name
		ADDED from src\main\AndroidManifest.xml:74:9-52
meta-data#BUG_HD_SDK_GENERAL_KEY
ADDED from src\main\AndroidManifest.xml:82:9-84:64
	android:value
		ADDED from src\main\AndroidManifest.xml:84:13-61
	android:name
		ADDED from src\main\AndroidManifest.xml:83:13-50
meta-data#com.amap.api.v2.apikey
ADDED from src\main\AndroidManifest.xml:86:9-88:64
	android:value
		ADDED from src\main\AndroidManifest.xml:88:13-61
	android:name
		ADDED from src\main\AndroidManifest.xml:87:13-50
meta-data#com.baidu.lbsapi.API_KEY
ADDED from src\main\AndroidManifest.xml:89:9-91:56
	android:value
		ADDED from src\main\AndroidManifest.xml:91:13-53
	android:name
		ADDED from src\main\AndroidManifest.xml:90:13-52
meta-data#TencentMapSDK
ADDED from src\main\AndroidManifest.xml:92:9-94:67
	android:value
		ADDED from src\main\AndroidManifest.xml:94:13-64
	android:name
		ADDED from src\main\AndroidManifest.xml:93:13-41
service#com.amap.api.location.APSService
ADDED from src\main\AndroidManifest.xml:97:9-68
	android:name
		ADDED from src\main\AndroidManifest.xml:97:18-65
activity#com.yunhu.yhshxc.activity.ApkVersionActivity
ADDED from src\main\AndroidManifest.xml:99:9-65
	android:name
		ADDED from src\main\AndroidManifest.xml:99:19-62
activity#com.yunhu.yhshxc.wechat.topic.CreateTopicActivity
ADDED from src\main\AndroidManifest.xml:100:9-102:52
	android:screenOrientation
		ADDED from src\main\AndroidManifest.xml:102:13-49
	android:name
		ADDED from src\main\AndroidManifest.xml:101:13-61
activity#com.yunhu.yhshxc.activity.SplashNewActivity
ADDED from src\main\AndroidManifest.xml:120:9-129:20
	android:screenOrientation
		ADDED from src\main\AndroidManifest.xml:122:13-49
	android:theme
		ADDED from src\main\AndroidManifest.xml:123:13-60
	android:name
		ADDED from src\main\AndroidManifest.xml:121:13-55
intent-filter#android.intent.action.MAIN+android.intent.category.LAUNCHER
ADDED from src\main\AndroidManifest.xml:124:13-128:29
action#android.intent.action.MAIN
ADDED from src\main\AndroidManifest.xml:125:17-69
	android:name
		ADDED from src\main\AndroidManifest.xml:125:25-66
category#android.intent.category.LAUNCHER
ADDED from src\main\AndroidManifest.xml:127:17-77
	android:name
		ADDED from src\main\AndroidManifest.xml:127:27-74
activity#com.yunhu.yhshxc.activity.RegistExplainActivity
ADDED from src\main\AndroidManifest.xml:130:9-132:52
	android:screenOrientation
		ADDED from src\main\AndroidManifest.xml:132:13-49
	android:name
		ADDED from src\main\AndroidManifest.xml:131:13-59
activity#com.yunhu.yhshxc.wechat.exchange.PropertyActivity
ADDED from src\main\AndroidManifest.xml:133:9-136:70
	android:screenOrientation
		ADDED from src\main\AndroidManifest.xml:135:13-49
	android:windowSoftInputMode
		ADDED from src\main\AndroidManifest.xml:136:13-67
	android:name
		ADDED from src\main\AndroidManifest.xml:134:13-61
activity#com.yunhu.yhshxc.wechat.exchange.GroupUserActivity
ADDED from src\main\AndroidManifest.xml:137:9-139:52
	android:screenOrientation
		ADDED from src\main\AndroidManifest.xml:139:13-49
	android:name
		ADDED from src\main\AndroidManifest.xml:138:13-62
activity#com.yunhu.yhshxc.wechat.content.ImageGridActivity
ADDED from src\main\AndroidManifest.xml:140:9-142:52
	android:screenOrientation
		ADDED from src\main\AndroidManifest.xml:142:13-49
	android:name
		ADDED from src\main\AndroidManifest.xml:141:13-61
activity#com.yunhu.yhshxc.activity.questionnaire.QuestionnaireContentActivity
ADDED from src\main\AndroidManifest.xml:143:9-145:52
	android:screenOrientation
		ADDED from src\main\AndroidManifest.xml:145:13-49
	android:name
		ADDED from src\main\AndroidManifest.xml:144:13-80
activity#com.yunhu.yhshxc.activity.questionnaire.QuestionPreviewActivity
ADDED from src\main\AndroidManifest.xml:146:9-148:52
	android:screenOrientation
		ADDED from src\main\AndroidManifest.xml:148:13-49
	android:name
		ADDED from src\main\AndroidManifest.xml:147:13-75
activity#com.yunhu.yhshxc.activity.questionnaire.QuestionExplainActivity
ADDED from src\main\AndroidManifest.xml:149:9-151:52
	android:screenOrientation
		ADDED from src\main\AndroidManifest.xml:151:13-49
	android:name
		ADDED from src\main\AndroidManifest.xml:150:13-75
activity#com.yunhu.yhshxc.activity.questionnaire.QuestionResultPreviewActivity
ADDED from src\main\AndroidManifest.xml:152:9-154:52
	android:screenOrientation
		ADDED from src\main\AndroidManifest.xml:154:13-49
	android:name
		ADDED from src\main\AndroidManifest.xml:153:13-81
activity#com.yunhu.yhshxc.activity.questionnaire.QuestionnaireActivity
ADDED from src\main\AndroidManifest.xml:155:9-157:52
	android:screenOrientation
		ADDED from src\main\AndroidManifest.xml:157:13-49
	android:name
		ADDED from src\main\AndroidManifest.xml:156:13-73
activity#com.yunhu.yhshxc.activity.RegisterCompanyActivity
ADDED from src\main\AndroidManifest.xml:163:9-165:52
	android:screenOrientation
		ADDED from src\main\AndroidManifest.xml:165:13-49
	android:name
		ADDED from src\main\AndroidManifest.xml:164:13-61
activity#com.yunhu.yhshxc.activity.LogInNewActivity
ADDED from src\main\AndroidManifest.xml:166:9-168:52
	android:screenOrientation
		ADDED from src\main\AndroidManifest.xml:168:13-49
	android:name
		ADDED from src\main\AndroidManifest.xml:167:13-54
activity#com.yunhu.yhshxc.activity.SplashActivity2
ADDED from src\main\AndroidManifest.xml:169:9-172:52
	android:screenOrientation
		ADDED from src\main\AndroidManifest.xml:172:13-49
	android:launchMode
		ADDED from src\main\AndroidManifest.xml:171:13-44
	android:name
		ADDED from src\main\AndroidManifest.xml:170:13-53
activity#com.yunhu.yhshxc.activity.onlineExamination.OnlineExamExplainationActivity
ADDED from src\main\AndroidManifest.xml:173:9-175:52
	android:screenOrientation
		ADDED from src\main\AndroidManifest.xml:175:13-49
	android:name
		ADDED from src\main\AndroidManifest.xml:174:13-86
activity#com.yunhu.yhshxc.activity.onlineExamination.OnlineExamQuestionActivity
ADDED from src\main\AndroidManifest.xml:176:9-178:52
	android:screenOrientation
		ADDED from src\main\AndroidManifest.xml:178:13-49
	android:name
		ADDED from src\main\AndroidManifest.xml:177:13-82
activity#com.yunhu.yhshxc.activity.onlineExamination.OnlineExamPreviewActivity
ADDED from src\main\AndroidManifest.xml:179:9-181:52
	android:screenOrientation
		ADDED from src\main\AndroidManifest.xml:181:13-49
	android:name
		ADDED from src\main\AndroidManifest.xml:180:13-81
activity#com.yunhu.yhshxc.activity.onlineExamination.OnlineExamPreviewAfterSubmitActivity
ADDED from src\main\AndroidManifest.xml:182:9-184:52
	android:screenOrientation
		ADDED from src\main\AndroidManifest.xml:184:13-49
	android:name
		ADDED from src\main\AndroidManifest.xml:183:13-92
activity#com.yunhu.yhshxc.wechat.content.RecorderVideoActivity
ADDED from src\main\AndroidManifest.xml:185:9-187:52
	android:screenOrientation
		ADDED from src\main\AndroidManifest.xml:187:13-49
	android:name
		ADDED from src\main\AndroidManifest.xml:186:13-65
activity#com.yunhu.yhshxc.wechat.WechatActivity
ADDED from src\main\AndroidManifest.xml:188:9-190:52
	android:screenOrientation
		ADDED from src\main\AndroidManifest.xml:190:13-49
	android:name
		ADDED from src\main\AndroidManifest.xml:189:13-50
activity#com.yunhu.yhshxc.wechat.approval.ApprovalActivity
ADDED from src\main\AndroidManifest.xml:191:9-193:52
	android:screenOrientation
		ADDED from src\main\AndroidManifest.xml:193:13-49
	android:name
		ADDED from src\main\AndroidManifest.xml:192:13-61
activity#com.yunhu.yhshxc.wechat.pic.PhotoAlbumActivity
ADDED from src\main\AndroidManifest.xml:194:9-196:52
	android:screenOrientation
		ADDED from src\main\AndroidManifest.xml:196:13-49
	android:name
		ADDED from src\main\AndroidManifest.xml:195:13-58
activity#com.yunhu.yhshxc.wechat.pic.PhotoActivity2
ADDED from src\main\AndroidManifest.xml:197:9-199:52
	android:screenOrientation
		ADDED from src\main\AndroidManifest.xml:199:13-49
	android:name
		ADDED from src\main\AndroidManifest.xml:198:13-54
activity#com.yunhu.yhshxc.activity.test.MainActivity
ADDED from src\main\AndroidManifest.xml:200:9-202:52
	android:screenOrientation
		ADDED from src\main\AndroidManifest.xml:202:13-49
	android:name
		ADDED from src\main\AndroidManifest.xml:201:13-55
activity#com.yunhu.yhshxc.wechat.exchange.ExchangeActivity
ADDED from src\main\AndroidManifest.xml:203:9-206:58
	android:screenOrientation
		ADDED from src\main\AndroidManifest.xml:205:13-49
	android:windowSoftInputMode
		ADDED from src\main\AndroidManifest.xml:206:13-55
	android:name
		ADDED from src\main\AndroidManifest.xml:204:13-61
activity#com.yunhu.yhshxc.wechat.exchange.PersonalWechatActivity
ADDED from src\main\AndroidManifest.xml:207:9-210:58
	android:screenOrientation
		ADDED from src\main\AndroidManifest.xml:209:13-49
	android:windowSoftInputMode
		ADDED from src\main\AndroidManifest.xml:210:13-55
	android:name
		ADDED from src\main\AndroidManifest.xml:208:13-67
activity#com.yunhu.yhshxc.wechat.exchange.WechatPhotoSelectActivity
ADDED from src\main\AndroidManifest.xml:211:9-213:52
	android:screenOrientation
		ADDED from src\main\AndroidManifest.xml:213:13-49
	android:name
		ADDED from src\main\AndroidManifest.xml:212:13-70
activity#com.yunhu.yhshxc.wechat.exchange.WechatPhotoSelectPriviewActivity
ADDED from src\main\AndroidManifest.xml:214:9-216:52
	android:screenOrientation
		ADDED from src\main\AndroidManifest.xml:216:13-49
	android:name
		ADDED from src\main\AndroidManifest.xml:215:13-77
activity#com.yunhu.yhshxc.wechat.survey.SurveyActivity
ADDED from src\main\AndroidManifest.xml:217:9-219:52
	android:screenOrientation
		ADDED from src\main\AndroidManifest.xml:219:13-49
	android:name
		ADDED from src\main\AndroidManifest.xml:218:13-57
activity#com.yunhu.yhshxc.wechat.fragments.WechatNoticeActivity
ADDED from src\main\AndroidManifest.xml:220:9-222:52
	android:screenOrientation
		ADDED from src\main\AndroidManifest.xml:222:13-49
	android:name
		ADDED from src\main\AndroidManifest.xml:221:13-66
activity#com.yunhu.yhshxc.wechat.fragments.ToSeeAllTopicActivity
ADDED from src\main\AndroidManifest.xml:223:9-225:52
	android:screenOrientation
		ADDED from src\main\AndroidManifest.xml:225:13-49
	android:name
		ADDED from src\main\AndroidManifest.xml:224:13-67
activity#com.yunhu.yhshxc.wechat.fragments.FocusActivity
ADDED from src\main\AndroidManifest.xml:226:9-228:52
	android:screenOrientation
		ADDED from src\main\AndroidManifest.xml:228:13-49
	android:name
		ADDED from src\main\AndroidManifest.xml:227:13-59
activity#com.yunhu.yhshxc.wechat.fragments.HistoryTopicActivity
ADDED from src\main\AndroidManifest.xml:229:9-231:52
	android:screenOrientation
		ADDED from src\main\AndroidManifest.xml:231:13-49
	android:name
		ADDED from src\main\AndroidManifest.xml:230:13-66
activity#com.yunhu.yhshxc.wechat.createGroup.CreateGroupActivity
ADDED from src\main\AndroidManifest.xml:232:9-235:57
	android:screenOrientation
		ADDED from src\main\AndroidManifest.xml:234:13-49
	android:windowSoftInputMode
		ADDED from src\main\AndroidManifest.xml:235:13-54
	android:name
		ADDED from src\main\AndroidManifest.xml:233:13-67
activity#com.yunhu.yhshxc.wechat.fragments.CreateNoticeActivity
ADDED from src\main\AndroidManifest.xml:236:9-239:57
	android:screenOrientation
		ADDED from src\main\AndroidManifest.xml:238:13-49
	android:windowSoftInputMode
		ADDED from src\main\AndroidManifest.xml:239:13-54
	android:name
		ADDED from src\main\AndroidManifest.xml:237:13-66
activity#com.yunhu.yhshxc.wechat.fragments.PersonalInformationActivity
ADDED from src\main\AndroidManifest.xml:240:9-242:52
	android:screenOrientation
		ADDED from src\main\AndroidManifest.xml:242:13-49
	android:name
		ADDED from src\main\AndroidManifest.xml:241:13-73
activity#com.yunhu.yhshxc.wechat.fragments.UserInfomationActivity
ADDED from src\main\AndroidManifest.xml:243:9-245:52
	android:screenOrientation
		ADDED from src\main\AndroidManifest.xml:245:13-49
	android:name
		ADDED from src\main\AndroidManifest.xml:244:13-68
activity#com.yunhu.yhshxc.attendance.SearchSchedulingActivity
ADDED from src\main\AndroidManifest.xml:246:9-248:52
	android:screenOrientation
		ADDED from src\main\AndroidManifest.xml:248:13-49
	android:name
		ADDED from src\main\AndroidManifest.xml:247:13-64
activity#com.yunhu.yhshxc.attendance.attendCalendar.AttendanceCalendarActivity
ADDED from src\main\AndroidManifest.xml:249:9-251:52
	android:screenOrientation
		ADDED from src\main\AndroidManifest.xml:251:13-49
	android:name
		ADDED from src\main\AndroidManifest.xml:250:13-81
activity#com.yunhu.yhshxc.attendance.SchedulingActivity
ADDED from src\main\AndroidManifest.xml:252:9-254:52
	android:screenOrientation
		ADDED from src\main\AndroidManifest.xml:254:13-49
	android:name
		ADDED from src\main\AndroidManifest.xml:253:13-58
activity#com.yunhu.yhshxc.attendance.leave.ThroughLeaveActivity
ADDED from src\main\AndroidManifest.xml:255:9-257:52
	android:screenOrientation
		ADDED from src\main\AndroidManifest.xml:257:13-49
	android:name
		ADDED from src\main\AndroidManifest.xml:256:13-66
activity#com.yunhu.yhshxc.attendance.leave.DoApproLeaveActivity
ADDED from src\main\AndroidManifest.xml:258:9-260:52
	android:screenOrientation
		ADDED from src\main\AndroidManifest.xml:260:13-49
	android:name
		ADDED from src\main\AndroidManifest.xml:259:13-66
activity#com.yunhu.yhshxc.attendance.leave.ApprovalLeaveActivity
ADDED from src\main\AndroidManifest.xml:261:9-263:52
	android:screenOrientation
		ADDED from src\main\AndroidManifest.xml:263:13-49
	android:name
		ADDED from src\main\AndroidManifest.xml:262:13-67
activity#com.yunhu.yhshxc.attendance.leave.AskForLeaveActivity
ADDED from src\main\AndroidManifest.xml:264:9-266:52
	android:screenOrientation
		ADDED from src\main\AndroidManifest.xml:266:13-49
	android:name
		ADDED from src\main\AndroidManifest.xml:265:13-65
activity#com.yunhu.yhshxc.attendance.leave.InitiateLeaveActivity
ADDED from src\main\AndroidManifest.xml:267:9-269:52
	android:screenOrientation
		ADDED from src\main\AndroidManifest.xml:269:13-49
	android:name
		ADDED from src\main\AndroidManifest.xml:268:13-67
activity#com.yunhu.yhshxc.attendance.leave.ReportLeaveActivity
ADDED from src\main\AndroidManifest.xml:270:9-273:67
	android:screenOrientation
		ADDED from src\main\AndroidManifest.xml:272:13-49
	android:windowSoftInputMode
		ADDED from src\main\AndroidManifest.xml:273:13-64
	android:name
		ADDED from src\main\AndroidManifest.xml:271:13-65
activity#com.yunhu.yhshxc.attendance.leave.CheckLeaveActivity
ADDED from src\main\AndroidManifest.xml:274:9-277:67
	android:screenOrientation
		ADDED from src\main\AndroidManifest.xml:276:13-49
	android:windowSoftInputMode
		ADDED from src\main\AndroidManifest.xml:277:13-64
	android:name
		ADDED from src\main\AndroidManifest.xml:275:13-64
activity#com.yunhu.yhshxc.attendance.leave.PreviewLeaveActivity
ADDED from src\main\AndroidManifest.xml:278:9-281:67
	android:screenOrientation
		ADDED from src\main\AndroidManifest.xml:280:13-49
	android:windowSoftInputMode
		ADDED from src\main\AndroidManifest.xml:281:13-64
	android:name
		ADDED from src\main\AndroidManifest.xml:279:13-66
activity#com.yunhu.yhshxc.attendance.leave.DoDeatailLeaveActivity
ADDED from src\main\AndroidManifest.xml:282:9-285:67
	android:screenOrientation
		ADDED from src\main\AndroidManifest.xml:284:13-49
	android:windowSoftInputMode
		ADDED from src\main\AndroidManifest.xml:285:13-64
	android:name
		ADDED from src\main\AndroidManifest.xml:283:13-68
activity#com.yunhu.yhshxc.attendance.leave.WaitForApproLeaveActivity
ADDED from src\main\AndroidManifest.xml:286:9-288:52
	android:screenOrientation
		ADDED from src\main\AndroidManifest.xml:288:13-49
	android:name
		ADDED from src\main\AndroidManifest.xml:287:13-71
activity#com.yunhu.yhshxc.expand.StoreExpandActivity
ADDED from src\main\AndroidManifest.xml:289:9-291:52
	android:screenOrientation
		ADDED from src\main\AndroidManifest.xml:291:13-49
	android:name
		ADDED from src\main\AndroidManifest.xml:290:13-55
activity#com.yunhu.yhshxc.expand.StoreExpandPriviewActivity
ADDED from src\main\AndroidManifest.xml:292:9-294:52
	android:screenOrientation
		ADDED from src\main\AndroidManifest.xml:294:13-49
	android:name
		ADDED from src\main\AndroidManifest.xml:293:13-62
activity#com.yunhu.yhshxc.activity.FunctionDetailActivity
ADDED from src\main\AndroidManifest.xml:309:9-311:52
	android:screenOrientation
		ADDED from src\main\AndroidManifest.xml:311:13-49
	android:name
		ADDED from src\main\AndroidManifest.xml:310:13-60
activity#com.yunhu.yhshxc.activity.login.LoginActivity
ADDED from src\main\AndroidManifest.xml:312:9-314:52
	android:screenOrientation
		ADDED from src\main\AndroidManifest.xml:314:13-49
	android:name
		ADDED from src\main\AndroidManifest.xml:313:13-57
activity#com.yunhu.yhshxc.activity.login.LoginFor4GActivity
ADDED from src\main\AndroidManifest.xml:315:9-317:52
	android:screenOrientation
		ADDED from src\main\AndroidManifest.xml:317:13-49
	android:name
		ADDED from src\main\AndroidManifest.xml:316:13-62
activity#com.yunhu.yhshxc.activity.login.LoginForFreeActivity
ADDED from src\main\AndroidManifest.xml:318:9-320:52
	android:screenOrientation
		ADDED from src\main\AndroidManifest.xml:320:13-49
	android:name
		ADDED from src\main\AndroidManifest.xml:319:13-64
activity#com.yunhu.yhshxc.activity.InitActivity
ADDED from src\main\AndroidManifest.xml:321:9-323:52
	android:screenOrientation
		ADDED from src\main\AndroidManifest.xml:323:13-49
	android:name
		ADDED from src\main\AndroidManifest.xml:322:13-50
activity#com.yunhu.yhshxc.activity.ModuleFuncActivity
ADDED from src\main\AndroidManifest.xml:324:9-327:70
	android:screenOrientation
		ADDED from src\main\AndroidManifest.xml:326:13-49
	android:windowSoftInputMode
		ADDED from src\main\AndroidManifest.xml:327:13-67
	android:name
		ADDED from src\main\AndroidManifest.xml:325:13-56
activity#com.yunhu.yhshxc.activity.ZCLRFuncActivity
ADDED from src\main\AndroidManifest.xml:328:9-331:70
	android:screenOrientation
		ADDED from src\main\AndroidManifest.xml:330:13-49
	android:windowSoftInputMode
		ADDED from src\main\AndroidManifest.xml:331:13-67
	android:name
		ADDED from src\main\AndroidManifest.xml:329:13-54
activity#com.yunhu.yhshxc.activity.ChangeModuleFuncActivity
ADDED from src\main\AndroidManifest.xml:332:9-334:52
	android:screenOrientation
		ADDED from src\main\AndroidManifest.xml:334:13-49
	android:name
		ADDED from src\main\AndroidManifest.xml:333:13-62
activity#com.yunhu.yhshxc.activity.LinkFuncActivity
ADDED from src\main\AndroidManifest.xml:335:9-337:52
	android:screenOrientation
		ADDED from src\main\AndroidManifest.xml:337:13-49
	android:name
		ADDED from src\main\AndroidManifest.xml:336:13-54
activity#com.yunhu.yhshxc.activity.HomePageActivity
ADDED from src\main\AndroidManifest.xml:344:9-349:67
	android:screenOrientation
		ADDED from src\main\AndroidManifest.xml:347:13-49
	android:launchMode
		ADDED from src\main\AndroidManifest.xml:346:13-43
	android:windowSoftInputMode
		ADDED from src\main\AndroidManifest.xml:349:13-64
	android:theme
		ADDED from src\main\AndroidManifest.xml:348:13-69
	android:name
		ADDED from src\main\AndroidManifest.xml:345:13-54
activity#com.yunhu.yhshxc.activity.SqlBigDataActivity
ADDED from src\main\AndroidManifest.xml:350:9-352:52
	android:screenOrientation
		ADDED from src\main\AndroidManifest.xml:352:13-49
	android:name
		ADDED from src\main\AndroidManifest.xml:351:13-56
activity#com.yunhu.yhshxc.activity.TableCompActivity
ADDED from src\main\AndroidManifest.xml:353:9-356:70
	android:windowSoftInputMode
		ADDED from src\main\AndroidManifest.xml:356:13-67
	android:configChanges
		ADDED from src\main\AndroidManifest.xml:355:13-74
	android:name
		ADDED from src\main\AndroidManifest.xml:354:13-55
activity#com.yunhu.yhshxc.activity.carSales.scene.sellingGoods.ProductChoiceActivity
ADDED from src\main\AndroidManifest.xml:357:9-359:52